<?xml version="1.0" encoding="UTF-8"?>
<!-- Generated by org.testng.reporters.JUnitReportReporter -->
<testsuite skipped="0" hostname="DESKTOP-C80OOLD" name="ReadExcelData.FacebookLogin" tests="4" failures="0" timestamp="30 Jan 2019 10:59:14 GMT" time="64.915" errors="0">
  <testcase name="Facebooklogin" time="16.205" classname="ReadExcelData.FacebookLogin"/>
  <testcase name="Facebooklogin" time="12.206" classname="ReadExcelData.FacebookLogin"/>
  <testcase name="Facebooklogin" time="17.066" classname="ReadExcelData.FacebookLogin"/>
  <testcase name="Facebooklogin" time="19.438" classname="ReadExcelData.FacebookLogin"/>
</testsuite> <!-- ReadExcelData.FacebookLogin -->
