<?xml version="1.0" encoding="UTF-8"?>
<!-- Generated by org.testng.reporters.JUnitReportReporter -->
<testsuite skipped="0" hostname="DESKTOP-C80OOLD" name="ReadExcelData.ReadData" tests="4" failures="0" timestamp="30 Jan 2019 10:55:59 GMT" time="61.067" errors="0">
  <testcase name="FacebookLogin" time="19.875" classname="ReadExcelData.ReadData"/>
  <testcase name="FacebookLogin" time="11.183" classname="ReadExcelData.ReadData"/>
  <testcase name="FacebookLogin" time="11.138" classname="ReadExcelData.ReadData"/>
  <testcase name="FacebookLogin" time="18.871" classname="ReadExcelData.ReadData"/>
</testsuite> <!-- ReadExcelData.ReadData -->
